Build started 2019/12/17 21:35:27.
     1>Project "G:\paper\surfacemesh\MeshWork\MeshWork\MeshWork.vcxproj" on node 2 (build target(s)).
     1>InitializeBuildStatus:
         Creating "x64\Release\MeshWork.unsuccessfulbuild" because "AlwaysCreate" was specified.
       ClCompile:
         g:\Program Files (x86)\Microsoft Visual Studio 10.0\VC\bin\x86_amd64\CL.exe /c /Zi /nologo /W3 /WX- /O2 /Oi /GL /D WIN32 /D NDEBUG /D _CONSOLE /D _UNICODE /D UNICODE /Gm- /EHsc /MD /GS /Gy /fp:precise /Zc:wchar_t /Zc:forScope /Fo"x64\Release\\" /Fd"x64\Release\vc100.pdb" /Gd /TP /errorReport:prompt start.cpp
         start.cpp
     1>g:\paper\surfacemesh\meshwork\meshwork\stltopology.hpp(326): warning C4267: 'return' : conversion from 'size_t' to 'int', possible loss of data
     1>g:\paper\surfacemesh\meshwork\meshwork\stltopology.hpp(360): warning C4267: 'return' : conversion from 'size_t' to 'int', possible loss of data
     1>g:\paper\surfacemesh\meshwork\meshwork\stltopology.hpp(386): warning C4267: 'return' : conversion from 'size_t' to 'int', possible loss of data
     1>g:\paper\surfacemesh\meshwork\meshwork\stltopology.hpp(415): warning C4267: 'return' : conversion from 'size_t' to 'int', possible loss of data
     1>g:\paper\surfacemesh\meshwork\meshwork\stlbound.hpp(92): warning C4267: 'return' : conversion from 'size_t' to 'int', possible loss of data
     1>g:\paper\surfacemesh\meshwork\meshwork\stlbound.hpp(175): warning C4267: 'return' : conversion from 'size_t' to 'int', possible loss of data
     1>g:\paper\surfacemesh\meshwork\meshwork\stlbound.hpp(179): warning C4267: 'return' : conversion from 'size_t' to 'const int', possible loss of data
     1>g:\paper\surfacemesh\meshwork\meshwork\stlbound.hpp(183): warning C4267: 'return' : conversion from 'size_t' to 'int', possible loss of data
     1>g:\paper\surfacemesh\meshwork\meshwork\stlbound.hpp(187): warning C4267: 'return' : conversion from 'size_t' to 'const int', possible loss of data
     1>g:\paper\surfacemesh\meshwork\meshwork\stlgeom.hpp(59): warning C4267: 'return' : conversion from 'size_t' to 'int', possible loss of data
     1>g:\paper\surfacemesh\meshwork\meshwork\stlgeom.hpp(68): warning C4267: 'return' : conversion from 'size_t' to 'int', possible loss of data
     1>g:\paper\surfacemesh\meshwork\meshwork\stlgeom.hpp(119): warning C4267: 'return' : conversion from 'size_t' to 'int', possible loss of data
     1>g:\paper\surfacemesh\meshwork\meshwork\stlgeom.hpp(126): warning C4267: 'return' : conversion from 'size_t' to 'int', possible loss of data
     1>g:\paper\surfacemesh\meshwork\meshwork\localh.hpp(108): warning C4267: 'return' : conversion from 'size_t' to 'int', possible loss of data
     1>g:\paper\surfacemesh\meshwork\meshwork\triangulation.h(259): warning C4267: 'return' : conversion from 'size_t' to 'int', possible loss of data
     1>g:\paper\surfacemesh\meshwork\meshwork\triangulation.h(263): warning C4267: 'return' : conversion from 'size_t' to 'int', possible loss of data
     1>g:\paper\surfacemesh\meshwork\meshwork\mesh.h(54): warning C4267: 'return' : conversion from 'size_t' to 'int', possible loss of data
     1>g:\paper\surfacemesh\meshwork\meshwork\mesh.h(75): warning C4267: 'return' : conversion from 'size_t' to 'int', possible loss of data
     1>g:\paper\surfacemesh\meshwork\meshwork\table.h(106): warning C4267: 'initializing' : conversion from 'size_t' to 'int', possible loss of data
                 g:\paper\surfacemesh\meshwork\meshwork\table.h(105) : while compiling class template member function 'void meshwork::Table<T>::Add(int,const T &)'
                 with
                 [
                     T=int
                 ]
                 g:\paper\surfacemesh\meshwork\meshwork\stltopology.hpp(293) : see reference to class template instantiation 'meshwork::Table<T>' being compiled
                 with
                 [
                     T=int
                 ]
     1>g:\paper\surfacemesh\meshwork\meshwork\table.h(136): warning C4267: 'return' : conversion from 'size_t' to 'int', possible loss of data
                 g:\paper\surfacemesh\meshwork\meshwork\table.h(135) : while compiling class template member function 'int meshwork::Table<T>::Size(void) const'
                 with
                 [
                     T=int
                 ]
       Link:
         g:\Program Files (x86)\Microsoft Visual Studio 10.0\VC\bin\x86_amd64\link.exe /ERRORREPORT:PROMPT /OUT:"G:\paper\surfacemesh\MeshWork\x64\Release\MeshWork.exe" /INCREMENTAL:NO /NOLOGO kernel32.lib user32.lib gdi32.lib winspool.lib comdlg32.lib advapi32.lib shell32.lib ole32.lib oleaut32.lib uuid.lib odbc32.lib odbccp32.lib /MANIFEST /ManifestFile:"x64\Release\MeshWork.exe.intermediate.manifest" /MANIFESTUAC:"level='asInvoker' uiAccess='false'" /DEBUG /PDB:"G:\paper\surfacemesh\MeshWork\x64\Release\MeshWork.pdb" /SUBSYSTEM:CONSOLE /OPT:REF /OPT:ICF /LTCG /TLBID:1 /DYNAMICBASE /NXCOMPAT /IMPLIB:"G:\paper\surfacemesh\MeshWork\x64\Release\MeshWork.lib" /MACHINE:X64 x64\Release\adtree.obj
         x64\Release\geomfuncs.obj
         x64\Release\globalvariable.obj
         x64\Release\kodtree.obj
         x64\Release\localh.obj
         x64\Release\mesh.obj
         x64\Release\meshparameter.obj
         x64\Release\meshtype.obj
         x64\Release\mwlib.obj
         x64\Release\mwtool.obj
         x64\Release\start.obj
         x64\Release\stlbound.obj
         x64\Release\stlgeom.obj
         x64\Release\stlsurfacemeshfunction.obj
         x64\Release\STLSurfaceMesh.obj
         x64\Release\stltopology.obj
         x64\Release\triangulation.obj
         x64\Release\triangulationinkdtree.obj
         Generating code
         Finished generating code
         MeshWork.vcxproj -> G:\paper\surfacemesh\MeshWork\x64\Release\MeshWork.exe
       Manifest:
         C:\Program Files (x86)\Microsoft SDKs\Windows\v7.0A\bin\mt.exe /nologo /verbose /outputresource:"G:\paper\surfacemesh\MeshWork\x64\Release\MeshWork.exe;#1" /manifest x64\Release\MeshWork.exe.intermediate.manifest
       FinalizeBuildStatus:
         Deleting file "x64\Release\MeshWork.unsuccessfulbuild".
         Touching "x64\Release\MeshWork.lastbuildstate".
     1>Done Building Project "G:\paper\surfacemesh\MeshWork\MeshWork\MeshWork.vcxproj" (build target(s)).

Build succeeded.

Time Elapsed 00:00:04.48
